{"uuid":"5bf0d933-76b2-4d41-87f3-f119d2a4f4ef","historyId":"2d2a390c54c1c8ba7635bb09f13355c9","fullName":"lesson_6.SimbirSoftTests.jobsBellowTest","labels":[{"name":"package","value":"lesson_6.SimbirSoftTests"},{"name":"testClass","value":"lesson_6.SimbirSoftTests"},{"name":"testMethod","value":"jobsBellowTest"},{"name":"parentSuite","value":"Default Suite"},{"name":"suite","value":"sdet_courses"},{"name":"subSuite","value":"lesson_6.SimbirSoftTests"},{"name":"host","value":"DESKTOP-Ilnur"},{"name":"thread","value":"8440@DESKTOP-Ilnur.main(1)"},{"name":"framework","value":"testng"},{"name":"language","value":"java"}],"links":[],"name":"jobsBellowTest","status":"failed","statusDetails":{"known":false,"muted":false,"flaky":false,"message":"List size mismatch: expected: = 5, actual: 4, collection: By.xpath: //*[contains(@class, \"m-section\")]//child::*[@class=\"is-list-vacancy-a\"]/By.xpath: .//*[@class=\"grid-item\"]\r\nPage source: file:/C:/my%20programs/javaprojects/javaCourse/sdet_courses/build/reports/tests/1735428081789.0.html\r\nTimeout: 30 s.\r\nCaused by: NoSuchWindowException: no such window: target window already closed","trace":"List size mismatch: expected: = 5, actual: 4, collection: By.xpath: //*[contains(@class, \"m-section\")]//child::*[@class=\"is-list-vacancy-a\"]/By.xpath: .//*[@class=\"grid-item\"]\r\nPage source: file:/C:/my%20programs/javaprojects/javaCourse/sdet_courses/build/reports/tests/1735428081789.0.html\r\nTimeout: 30 s.\r\nCaused by: NoSuchWindowException: no such window: target window already closed\r\n\tat com.codeborne.selenide.collections.CollectionSizeCondition.fail(CollectionSizeCondition.java:34)\r\n\tat com.codeborne.selenide.collections.ListSize.fail(ListSize.java:3)\r\n\tat com.codeborne.selenide.BaseElementsCollection.waitUntil(BaseElementsCollection.java:202)\r\n\tat com.codeborne.selenide.BaseElementsCollection.should(BaseElementsCollection.java:143)\r\n\tat com.codeborne.selenide.BaseElementsCollection.shouldHave(BaseElementsCollection.java:119)\r\n\tat lesson_6.pages.MainPage.checkJobs(MainPage.java:89)\r\n\tat lesson_6.SimbirSoftTests.jobsBellowTest(SimbirSoftTests.java:57)\r\n\tat java.base/jdk.internal.reflect.DirectMethodHandleAccessor.invoke(DirectMethodHandleAccessor.java:104)\r\n\tat java.base/java.lang.reflect.Method.invoke(Method.java:578)\r\n\tat org.testng.internal.invokers.MethodInvocationHelper.invokeMethod(MethodInvocationHelper.java:141)\r\n\tat org.testng.internal.invokers.TestInvoker.invokeMethod(TestInvoker.java:686)\r\n\tat org.testng.internal.invokers.TestInvoker.invokeTestMethod(TestInvoker.java:230)\r\n\tat org.testng.internal.invokers.MethodRunner.runInSequence(MethodRunner.java:63)\r\n\tat org.testng.internal.invokers.TestInvoker$MethodInvocationAgent.invoke(TestInvoker.java:992)\r\n\tat org.testng.internal.invokers.TestInvoker.invokeTestMethods(TestInvoker.java:203)\r\n\tat org.testng.internal.invokers.TestMethodWorker.invokeTestMethods(TestMethodWorker.java:154)\r\n\tat org.testng.internal.invokers.TestMethodWorker.run(TestMethodWorker.java:134)\r\n\tat java.base/java.util.ArrayList.forEach(ArrayList.java:1511)\r\n\tat org.testng.TestRunner.privateRun(TestRunner.java:739)\r\n\tat org.testng.TestRunner.run(TestRunner.java:614)\r\n\tat org.testng.SuiteRunner.runTest(SuiteRunner.java:421)\r\n\tat org.testng.SuiteRunner.runSequentially(SuiteRunner.java:413)\r\n\tat org.testng.SuiteRunner.privateRun(SuiteRunner.java:373)\r\n\tat org.testng.SuiteRunner.run(SuiteRunner.java:312)\r\n\tat org.testng.SuiteRunnerWorker.runSuite(SuiteRunnerWorker.java:52)\r\n\tat org.testng.SuiteRunnerWorker.run(SuiteRunnerWorker.java:95)\r\n\tat org.testng.TestNG.runSuitesSequentially(TestNG.java:1274)\r\n\tat org.testng.TestNG.runSuitesLocally(TestNG.java:1208)\r\n\tat org.testng.TestNG.runSuites(TestNG.java:1112)\r\n\tat org.testng.TestNG.run(TestNG.java:1079)\r\n\tat com.intellij.rt.testng.IDEARemoteTestNG.run(IDEARemoteTestNG.java:66)\r\n\tat com.intellij.rt.testng.RemoteTestNGStarter.main(RemoteTestNGStarter.java:105)\r\nCaused by: org.openqa.selenium.NoSuchWindowException: no such window: target window already closed\nfrom unknown error: web view not found\n  (Session info: chrome=131.0.6778.205)\nBuild info: version: '4.26.0', revision: '8ccf0219d7'\nSystem info: os.name: 'Windows 11', os.arch: 'amd64', os.version: '10.0', java.version: '20.0.2'\nDriver info: org.openqa.selenium.chrome.ChromeDriver\nCommand: [32c422d9874bb384ccf8f2a3e4cd6455, findElement {value=//*[contains(@class, \"m-section\")]//child::*[@class=\"is-list-vacancy-a\"], using=xpath}]\nCapabilities {acceptInsecureCerts: true, browserName: chrome, browserVersion: 131.0.6778.205, chrome: {chromedriverVersion: 131.0.6778.204 (52183f9e99a..., userDataDir: C:\\Users\\tuxta\\AppData\\Loca...}, fedcm:accounts: true, goog:chromeOptions: {debuggerAddress: localhost:56240}, networkConnectionEnabled: false, pageLoadStrategy: normal, platformName: windows, proxy: Proxy(), se:cdp: ws://localhost:56240/devtoo..., se:cdpVersion: 131.0.6778.205, setWindowRect: true, strictFileInteractability: false, timeouts: {implicit: 0, pageLoad: 300000, script: 30000}, unhandledPromptBehavior: accept, webauthn:extension:credBlob: true, webauthn:extension:largeBlob: true, webauthn:extension:minPinLength: true, webauthn:extension:prf: true, webauthn:virtualAuthenticators: true}\nSession ID: 32c422d9874bb384ccf8f2a3e4cd6455\r\n\tat java.base/jdk.internal.reflect.DirectConstructorHandleAccessor.newInstance(DirectConstructorHandleAccessor.java:67)\r\n\tat java.base/java.lang.reflect.Constructor.newInstanceWithCaller(Constructor.java:500)\r\n\tat java.base/java.lang.reflect.Constructor.newInstance(Constructor.java:484)\r\n\tat org.openqa.selenium.remote.ErrorCodec.decode(ErrorCodec.java:167)\r\n\tat org.openqa.selenium.remote.codec.w3c.W3CHttpResponseCodec.decode(W3CHttpResponseCodec.java:138)\r\n\tat org.openqa.selenium.remote.codec.w3c.W3CHttpResponseCodec.decode(W3CHttpResponseCodec.java:50)\r\n\tat org.openqa.selenium.remote.HttpCommandExecutor.execute(HttpCommandExecutor.java:190)\r\n\tat org.openqa.selenium.remote.service.DriverCommandExecutor.invokeExecute(DriverCommandExecutor.java:216)\r\n\tat org.openqa.selenium.remote.service.DriverCommandExecutor.execute(DriverCommandExecutor.java:174)\r\n\tat org.openqa.selenium.remote.RemoteWebDriver.execute(RemoteWebDriver.java:545)\r\n\tat org.openqa.selenium.remote.ElementLocation$ElementFinder$2.findElement(ElementLocation.java:165)\r\n\tat org.openqa.selenium.remote.ElementLocation.findElement(ElementLocation.java:59)\r\n\tat org.openqa.selenium.remote.RemoteWebDriver.findElement(RemoteWebDriver.java:368)\r\n\tat org.openqa.selenium.remote.RemoteWebDriver.findElement(RemoteWebDriver.java:362)\r\n\tat com.codeborne.selenide.impl.WebElementSelector.findElement(WebElementSelector.java:64)\r\n\tat com.codeborne.selenide.impl.WebElementSelector.findElement(WebElementSelector.java:39)\r\n\tat com.codeborne.selenide.impl.WebElementSelector.findElement(WebElementSelector.java:30)\r\n\tat com.codeborne.selenide.impl.ElementFinder.getWebElement(ElementFinder.java:101)\r\n\tat com.codeborne.selenide.impl.WebElementSelector.findElements(WebElementSelector.java:50)\r\n\tat com.codeborne.selenide.impl.BySelectorCollection.getElements(BySelectorCollection.java:35)\r\n\tat com.codeborne.selenide.WebElementsCondition.check(WebElementsCondition.java:28)\r\n\tat com.codeborne.selenide.BaseElementsCollection.waitUntil(BaseElementsCollection.java:174)\r\n\t... 29 more\r\n"},"stage":"finished","steps":[],"attachments":[],"parameters":[],"start":1735428051586,"stop":1735428081803}